Using pre-set license
Built from '2021.3/staging' branch; Version is '2021.3.25f1 (68ef2c4f8861) revision 6876972'; Using compiler version '192829333'; Build Type 'Release'
OS: 'Windows 10  (10.0.19045) 64bit Core' Language: 'en' Physical Memory: 24274 MB
BatchMode: 1, IsHumanControllingUs: 0, StartBugReporterOnCrash: 0, Is64bit: 1, IsPro: 1

COMMAND LINE ARGUMENTS:
B:\Unity\2021.3.25f1\Editor\Unity.exe
-adb2
-batchMode
-noUpm
-name
AssetImportWorker0
-projectPath
B:/Documents/UNI/Year 3/Tri 1/AR + VR/Assignment/Assignment
-logFile
Logs/AssetImportWorker0.log
-srvPort
50899
Successfully changed project path to: B:/Documents/UNI/Year 3/Tri 1/AR + VR/Assignment/Assignment
B:/Documents/UNI/Year 3/Tri 1/AR + VR/Assignment/Assignment
[UnityMemory] Configuration Parameters - Can be set up in boot.config
    "memorysetup-bucket-allocator-granularity=16"
    "memorysetup-bucket-allocator-bucket-count=8"
    "memorysetup-bucket-allocator-block-size=33554432"
    "memorysetup-bucket-allocator-block-count=8"
    "memorysetup-main-allocator-block-size=16777216"
    "memorysetup-thread-allocator-block-size=16777216"
    "memorysetup-gfx-main-allocator-block-size=16777216"
    "memorysetup-gfx-thread-allocator-block-size=16777216"
    "memorysetup-cache-allocator-block-size=4194304"
    "memorysetup-typetree-allocator-block-size=2097152"
    "memorysetup-profiler-bucket-allocator-granularity=16"
    "memorysetup-profiler-bucket-allocator-bucket-count=8"
    "memorysetup-profiler-bucket-allocator-block-size=33554432"
    "memorysetup-profiler-bucket-allocator-block-count=8"
    "memorysetup-profiler-allocator-block-size=16777216"
    "memorysetup-profiler-editor-allocator-block-size=1048576"
    "memorysetup-temp-allocator-size-main=16777216"
    "memorysetup-job-temp-allocator-block-size=2097152"
    "memorysetup-job-temp-allocator-block-size-background=1048576"
    "memorysetup-job-temp-allocator-reduction-small-platforms=262144"
    "memorysetup-temp-allocator-size-background-worker=32768"
    "memorysetup-temp-allocator-size-job-worker=262144"
    "memorysetup-temp-allocator-size-preload-manager=33554432"
    "memorysetup-temp-allocator-size-nav-mesh-worker=65536"
    "memorysetup-temp-allocator-size-audio-worker=65536"
    "memorysetup-temp-allocator-size-cloud-worker=32768"
    "memorysetup-temp-allocator-size-gi-baking-worker=262144"
    "memorysetup-temp-allocator-size-gfx=262144"
Player connection [26652] Host "[IP] 10.0.0.108 [Port] 0 [Flags] 2 [Guid] 767063654 [EditorId] 767063654 [Version] 1048832 [Id] WindowsEditor(7,DESKTOP-A4R8PM7) [Debug] 1 [PackageName] WindowsEditor [ProjectName] Editor" joined multi-casting on [225.0.0.222:54997]...

Player connection [26652] Host "[IP] 10.0.0.108 [Port] 0 [Flags] 2 [Guid] 767063654 [EditorId] 767063654 [Version] 1048832 [Id] WindowsEditor(7,DESKTOP-A4R8PM7) [Debug] 1 [PackageName] WindowsEditor [ProjectName] Editor" joined alternative multi-casting on [225.0.0.222:34997]...

Refreshing native plugins compatible for Editor in 103.13 ms, found 12 plugins.
Preloading 1 native plugins for Editor in 0.91 ms.
Initialize engine version: 2021.3.25f1 (68ef2c4f8861)
[Subsystems] Discovering subsystems at path B:/Unity/2021.3.25f1/Editor/Data/Resources/UnitySubsystems
[Subsystems] Discovering subsystems at path B:/Documents/UNI/Year 3/Tri 1/AR + VR/Assignment/Assignment/Assets
GfxDevice: creating device client; threaded=0; jobified=0
Direct3D:
    Version:  Direct3D 11.0 [level 11.1]
    Renderer: NVIDIA GeForce RTX 4080 (ID=0x2704)
    Vendor:   NVIDIA
    VRAM:     16064 MB
    Driver:   31.0.15.3141
Initialize mono
Mono path[0] = 'B:/Unity/2021.3.25f1/Editor/Data/Managed'
Mono path[1] = 'B:/Unity/2021.3.25f1/Editor/Data/MonoBleedingEdge/lib/mono/unityjit-win32'
Mono config path = 'B:/Unity/2021.3.25f1/Editor/Data/MonoBleedingEdge/etc'
Using monoOptions --debugger-agent=transport=dt_socket,embedding=1,server=y,suspend=n,address=127.0.0.1:56188
Begin MonoManager ReloadAssembly
Registering precompiled unity dll's ...
Register platform support module: B:/Unity/2021.3.25f1/Editor/Data/PlaybackEngines/WindowsStandaloneSupport/UnityEditor.WindowsStandalone.Extensions.dll
Registered in 0.006962 seconds.
Native extension for WindowsStandalone target not found
Refreshing native plugins compatible for Editor in 102.45 ms, found 12 plugins.
Preloading 1 native plugins for Editor in 0.14 ms.
Mono: successfully reloaded assembly
- Completed reload, in  0.759 seconds
Domain Reload Profiling:
	ReloadAssembly (760ms)
		BeginReloadAssembly (99ms)
			ExecutionOrderSort (0ms)
			DisableScriptedObjects (0ms)
			BackupInstance (0ms)
			ReleaseScriptingObjects (0ms)
			CreateAndSetChildDomain (1ms)
		EndReloadAssembly (525ms)
			LoadAssemblies (98ms)
			RebuildTransferFunctionScriptingTraits (0ms)
			SetupTypeCache (132ms)
			ReleaseScriptCaches (0ms)
			RebuildScriptCaches (40ms)
			SetupLoadedEditorAssemblies (292ms)
				LogAssemblyErrors (0ms)
				InitializePlatformSupportModulesInManaged (11ms)
				SetLoadedEditorAssemblies (0ms)
				RefreshPlugins (103ms)
				BeforeProcessingInitializeOnLoad (2ms)
				ProcessInitializeOnLoadAttributes (125ms)
				ProcessInitializeOnLoadMethodAttributes (51ms)
				AfterProcessingInitializeOnLoad (0ms)
				EditorAssembliesLoaded (0ms)
			ExecutionOrderSort2 (0ms)
			AwakeInstancesAfterBackupRestoration (0ms)
Platform modules already initialized, skipping
Registering precompiled user dll's ...
Registered in 0.008361 seconds.
Begin MonoManager ReloadAssembly
Symbol file LoadedFromMemory doesn't match image B:\Documents\UNI\Year 3\Tri 1\AR + VR\Assignment\Assignment\Library\PackageCache\com.unity.visualscripting@1.8.0\Editor\VisualScripting.Core\Dependencies\DotNetZip\Unity.VisualScripting.IonicZip.dll
Symbol file LoadedFromMemory doesn't match image B:\Documents\UNI\Year 3\Tri 1\AR + VR\Assignment\Assignment\Library\PackageCache\com.unity.visualscripting@1.8.0\Editor\VisualScripting.Core\Dependencies\YamlDotNet\Unity.VisualScripting.YamlDotNet.dll
Native extension for WindowsStandalone target not found
Refreshing native plugins compatible for Editor in 98.20 ms, found 12 plugins.
Preloading 1 native plugins for Editor in 0.13 ms.
Package Manager log level set to [2]
System.Reflection.TargetInvocationException: Exception has been thrown by the target of an invocation. ---> System.NullReferenceException: Object reference not set to an instance of an object
  at Unity.XR.Oculus.OculusLoader.AssetPathToAbsolutePath (System.String assetPath) [0x0003d] in B:\Documents\UNI\Year 3\Tri 1\AR + VR\Assignment\Assignment\Library\PackageCache\com.unity.xr.oculus@3.3.0\Runtime\OculusLoader.cs:282 
  at Unity.XR.Oculus.OculusLoader.EditorLoadOVRPlugin () [0x0007b] in B:\Documents\UNI\Year 3\Tri 1\AR + VR\Assignment\Assignment\Library\PackageCache\com.unity.xr.oculus@3.3.0\Runtime\OculusLoader.cs:267 
  at (wrapper managed-to-native) System.Reflection.RuntimeMethodInfo.InternalInvoke(System.Reflection.RuntimeMethodInfo,object,object[],System.Exception&)
  at System.Reflection.RuntimeMethodInfo.Invoke (System.Object obj, System.Reflection.BindingFlags invokeAttr, System.Reflection.Binder binder, System.Object[] parameters, System.Globalization.CultureInfo culture) [0x0006a] in <a40b0ad4a868437393ad434631fb6ff1>:0 
   --- End of inner exception stack trace ---
  at System.Reflection.RuntimeMethodInfo.Invoke (System.Object obj, System.Reflection.BindingFlags invokeAttr, System.Reflection.Binder binder, System.Object[] parameters, System.Globalization.CultureInfo culture) [0x00083] in <a40b0ad4a868437393ad434631fb6ff1>:0 
  at System.Reflection.MethodBase.Invoke (System.Object obj, System.Object[] parameters) [0x00000] in <a40b0ad4a868437393ad434631fb6ff1>:0 
  at UnityEditor.EditorAssemblies.ProcessInitializeOnLoadMethodAttributes () [0x000a5] in <5092d70d16a64dd9a555dd50f38aead0>:0 
UnityEngine.StackTraceUtility:ExtractStackTrace ()
UnityEngine.DebugLogHandler:LogFormat (UnityEngine.LogType,UnityEngine.Object,string,object[])
UnityEngine.Logger:Log (UnityEngine.LogType,object)
UnityEngine.Debug:LogError (object)
UnityEditor.EditorAssemblies:ProcessInitializeOnLoadMethodAttributes ()

Mono: successfully reloaded assembly
- Completed reload, in  1.423 seconds
Domain Reload Profiling:
	ReloadAssembly (1424ms)
		BeginReloadAssembly (133ms)
			ExecutionOrderSort (0ms)
			DisableScriptedObjects (5ms)
			BackupInstance (0ms)
			ReleaseScriptingObjects (0ms)
			CreateAndSetChildDomain (27ms)
		EndReloadAssembly (1161ms)
			LoadAssemblies (107ms)
			RebuildTransferFunctionScriptingTraits (0ms)
			SetupTypeCache (385ms)
			ReleaseScriptCaches (1ms)
			RebuildScriptCaches (69ms)
			SetupLoadedEditorAssemblies (544ms)
				LogAssemblyErrors (0ms)
				InitializePlatformSupportModulesInManaged (5ms)
				SetLoadedEditorAssemblies (0ms)
				RefreshPlugins (98ms)
				BeforeProcessingInitializeOnLoad (90ms)
				ProcessInitializeOnLoadAttributes (301ms)
				ProcessInitializeOnLoadMethodAttributes (43ms)
				AfterProcessingInitializeOnLoad (6ms)
				EditorAssembliesLoaded (0ms)
			ExecutionOrderSort2 (0ms)
			AwakeInstancesAfterBackupRestoration (9ms)
Platform modules already initialized, skipping
========================================================================
Worker process is ready to serve import requests
Launched and connected shader compiler UnityShaderCompiler.exe after 0.08 seconds
Refreshing native plugins compatible for Editor in 1.96 ms, found 12 plugins.
Preloading 1 native plugins for Editor in 0.12 ms.
Unloading 3787 Unused Serialized files (Serialized files now loaded: 0)
Unloading 52 unused Assets / (114.5 KB). Loaded Objects now: 4225.
Memory consumption went from 135.0 MB to 134.9 MB.
Total: 5.078700 ms (FindLiveObjects: 0.624900 ms CreateObjectMapping: 0.448200 ms MarkObjects: 3.849400 ms  DeleteObjects: 0.154700 ms)

AssetImportParameters requested are different than current active one (requested -> active):
  custom:video-decoder-ogg-theora: a1e56fd34408186e4bbccfd4996cb3dc -> 
  custom:container-muxer-webm: aa71ff27fc2769a1b78a27578f13a17b -> 
  custom:container-demuxer-webm: 4f35f7cbe854078d1ac9338744f61a02 -> 
  custom:video-encoder-webm-vp8: eb34c28f22e8b96e1ab97ce403110664 -> 
  custom:audio-encoder-webm-vorbis: bf7c407c2cedff20999df2af8eb42d56 -> 
  custom:framework-win-MediaFoundation: 216162199b28c13a410421893ffa2e32 -> 
  custom:container-demuxer-ogg: 62fdf1f143b41e24485cea50d1cbac27 -> 
  custom:video-decoder-webm-vp8: 9c59270c3fd7afecdb556c50c9e8de78 -> 
  custom:audio-decoder-ogg-vorbis: bf7c407c2cedff20999df2af8eb42d56 -> 
========================================================================
Received Import Request.
  Time since last request: 5634.193040 seconds.
  path: Assets/Construction Vehicles 1.1/Models/Construction 1.1.fbx
  artifactKey: Guid(adad12e002bb78f4e866ff1a17509dcb) Importer(815301076,1909f56bfc062723c751e8b465ee728b)
Start importing Assets/Construction Vehicles 1.1/Models/Construction 1.1.fbx using Guid(adad12e002bb78f4e866ff1a17509dcb) Importer(815301076,1909f56bfc062723c751e8b465ee728b)  -> (artifact id: '0b36e4fda51e676f35cf57b836b096d1') in 0.956207 seconds 
========================================================================
Received Import Request.
  Time since last request: 14.504518 seconds.
  path: Assets/Construction Vehicles 1.1/Prefabs
  artifactKey: Guid(61b091bb7d930ce4cb4b846586f95f6d) Importer(815301076,1909f56bfc062723c751e8b465ee728b)
Start importing Assets/Construction Vehicles 1.1/Prefabs using Guid(61b091bb7d930ce4cb4b846586f95f6d) Importer(815301076,1909f56bfc062723c751e8b465ee728b)  -> (artifact id: 'b799c69c7f1357f8ea00ccd7dd46b478') in 0.010616 seconds 
========================================================================
Received Import Request.
  Time since last request: 0.033673 seconds.
  path: Assets/Construction Vehicles 1.1/Prefabs/Bull Dozer 1.prefab
  artifactKey: Guid(a10acadba451a9643bd9de2355620073) Importer(815301076,1909f56bfc062723c751e8b465ee728b)
Start importing Assets/Construction Vehicles 1.1/Prefabs/Bull Dozer 1.prefab using Guid(a10acadba451a9643bd9de2355620073) Importer(815301076,1909f56bfc062723c751e8b465ee728b)  -> (artifact id: '77ab56e51cfffdbb430f4a48f88d4e14') in 0.190498 seconds 
========================================================================
Received Import Request.
  Time since last request: 0.000026 seconds.
  path: Assets/Construction Vehicles 1.1/Prefabs/Road Roller.prefab
  artifactKey: Guid(0f618d9857064e241a7b14cb2123b5d8) Importer(815301076,1909f56bfc062723c751e8b465ee728b)
Start importing Assets/Construction Vehicles 1.1/Prefabs/Road Roller.prefab using Guid(0f618d9857064e241a7b14cb2123b5d8) Importer(815301076,1909f56bfc062723c751e8b465ee728b)  -> (artifact id: '7b642da412a387327e2398fc7592c706') in 0.032177 seconds 
========================================================================
Received Import Request.
  Time since last request: 0.000043 seconds.
  path: Assets/Construction Vehicles 1.1/Prefabs/Crane.prefab
  artifactKey: Guid(12e4551279a46ea409e5d842a6626e9a) Importer(815301076,1909f56bfc062723c751e8b465ee728b)
Start importing Assets/Construction Vehicles 1.1/Prefabs/Crane.prefab using Guid(12e4551279a46ea409e5d842a6626e9a) Importer(815301076,1909f56bfc062723c751e8b465ee728b)  -> (artifact id: '60bbb9bc1283ef5e677da6a11f4ca303') in 0.026698 seconds 
========================================================================
Received Import Request.
  Time since last request: 0.000049 seconds.
  path: Assets/Construction Vehicles 1.1/Prefabs/Dumping Truck.prefab
  artifactKey: Guid(9a7334ddf25ab2c47ae3c5d83fc40d86) Importer(815301076,1909f56bfc062723c751e8b465ee728b)
Start importing Assets/Construction Vehicles 1.1/Prefabs/Dumping Truck.prefab using Guid(9a7334ddf25ab2c47ae3c5d83fc40d86) Importer(815301076,1909f56bfc062723c751e8b465ee728b)  -> (artifact id: '2d891a61e90f250f21a98ab803759f22') in 0.025526 seconds 
========================================================================
Received Import Request.
  Time since last request: 0.000062 seconds.
  path: Assets/Construction Vehicles 1.1/Prefabs/Cement Mixer.prefab
  artifactKey: Guid(0cef706706453294fb9637227d31e34d) Importer(815301076,1909f56bfc062723c751e8b465ee728b)
Start importing Assets/Construction Vehicles 1.1/Prefabs/Cement Mixer.prefab using Guid(0cef706706453294fb9637227d31e34d) Importer(815301076,1909f56bfc062723c751e8b465ee728b)  -> (artifact id: 'ccd55f17037872240ad52cc593d31fd0') in 0.025223 seconds 
========================================================================
Received Import Request.
  Time since last request: 853.753820 seconds.
  path: Assets/Prefabs/Bull Dozer 2.prefab
  artifactKey: Guid(94636817eafc9264081252d6b711a0a1) Importer(815301076,1909f56bfc062723c751e8b465ee728b)
Start importing Assets/Prefabs/Bull Dozer 2.prefab using Guid(94636817eafc9264081252d6b711a0a1) Importer(815301076,1909f56bfc062723c751e8b465ee728b)  -> (artifact id: 'e47d29ea5c408aae7721a86a79aa56f6') in 0.037678 seconds 
========================================================================
Received Import Request.
  Time since last request: 0.000074 seconds.
  path: Assets/Prefabs/Crane.prefab
  artifactKey: Guid(12e4551279a46ea409e5d842a6626e9a) Importer(815301076,1909f56bfc062723c751e8b465ee728b)
Start importing Assets/Prefabs/Crane.prefab using Guid(12e4551279a46ea409e5d842a6626e9a) Importer(815301076,1909f56bfc062723c751e8b465ee728b)  -> (artifact id: '4f4dd156df474d71e5b6c47a60ea9798') in 0.025691 seconds 
========================================================================
Received Import Request.
  Time since last request: 0.000040 seconds.
  path: Assets/Prefabs/Cement Mixer.prefab
  artifactKey: Guid(0cef706706453294fb9637227d31e34d) Importer(815301076,1909f56bfc062723c751e8b465ee728b)
Start importing Assets/Prefabs/Cement Mixer.prefab using Guid(0cef706706453294fb9637227d31e34d) Importer(815301076,1909f56bfc062723c751e8b465ee728b)  -> (artifact id: 'cbce247e2c497819e57279ecf688debc') in 0.013970 seconds 
========================================================================
Received Import Request.
  Time since last request: 80.983532 seconds.
  path: Assets/New Animation.anim
  artifactKey: Guid(24d7b0f426a1a4f4b9907aac4f0c5e91) Importer(815301076,1909f56bfc062723c751e8b465ee728b)
Start importing Assets/New Animation.anim using Guid(24d7b0f426a1a4f4b9907aac4f0c5e91) Importer(815301076,1909f56bfc062723c751e8b465ee728b)  -> (artifact id: 'f08f0b4ef921d80802d0717da4144e95') in 0.011871 seconds 
========================================================================
Received Import Request.
  Time since last request: 28.837084 seconds.
  path: Assets/Bull Dozer 2.controller
  artifactKey: Guid(da2545bfb89f7234d97930c3019283a1) Importer(815301076,1909f56bfc062723c751e8b465ee728b)
Start importing Assets/Bull Dozer 2.controller using Guid(da2545bfb89f7234d97930c3019283a1) Importer(815301076,1909f56bfc062723c751e8b465ee728b)  -> (artifact id: '1d3b64e79410dad64af5ef7ee911b632') in 0.010445 seconds 
========================================================================
Received Import Request.
  Time since last request: 477.737373 seconds.
  path: Assets/Excavator animation.anim
  artifactKey: Guid(24d7b0f426a1a4f4b9907aac4f0c5e91) Importer(815301076,1909f56bfc062723c751e8b465ee728b)
Start importing Assets/Excavator animation.anim using Guid(24d7b0f426a1a4f4b9907aac4f0c5e91) Importer(815301076,1909f56bfc062723c751e8b465ee728b)  -> (artifact id: '5dcc3844c92416c4090c5fc64c43a245') in 0.012766 seconds 
